# JRE version: Java(TM) SE Runtime Environment (8.0_291-b10) (build 1.8.0_291-b10)
# Java VM: Java HotSpot(TM) 64-Bit Server VM (25.291-b10 mixed mode windows-amd64 compressed oops)
Heap:
 PSYoungGen      total 2016768K, used 627105K [0x0000000732000000, 0x00000007be800000, 0x00000007c0000000)
  eden space 1724928K, 29% used [0x0000000732000000,0x00000007510bdec0,0x000000079b480000)
  from space 291840K, 40% used [0x000000079b480000,0x00000007a282a878,0x00000007ad180000)
  to   space 280576K, 0% used [0x00000007ad600000,0x00000007ad600000,0x00000007be800000)
 ParOldGen       total 2753536K, used 733120K [0x0000000616000000, 0x00000006be100000, 0x0000000732000000)
  object space 2753536K, 26% used [0x0000000616000000,0x0000000642bf02a0,0x00000006be100000)
 Metaspace       used 177926K, capacity 181611K, committed 181708K, reserved 1198080K
  class space    used 32112K, capacity 33219K, committed 33228K, reserved 1048576K
GC Heap History (10 events):
Event: 90.014 GC heap before
{Heap before GC invocations=26 (full 4):
 PSYoungGen      total 1952768K, used 1952442K [0x0000000732000000, 0x00000007c0000000, 0x00000007c0000000)
  eden space 1741824K, 100% used [0x0000000732000000,0x000000079c500000,0x000000079c500000)
  from space 210944K, 99% used [0x000000079c500000,0x00000007a92aead0,0x00000007a9300000)
  to   space 304640K, 0% used [0x00000007ad680000,0x00000007ad680000,0x00000007c0000000)
 ParOldGen       total 2181632K, used 688413K [0x0000000616000000, 0x000000069b280000, 0x0000000732000000)
  object space 2181632K, 31% used [0x0000000616000000,0x0000000640047498,0x000000069b280000)
 Metaspace       used 155429K, capacity 158051K, committed 158464K, reserved 1179648K
  class space    used 27700K, capacity 28551K, committed 28672K, reserved 1048576K
Event: 90.150 GC heap after
Heap after GC invocations=26 (full 4):
 PSYoungGen      total 2027520K, used 171321K [0x0000000732000000, 0x00000007c0000000, 0x00000007c0000000)
  eden space 1722880K, 0% used [0x0000000732000000,0x0000000732000000,0x000000079b280000)
  from space 304640K, 56% used [0x00000007ad680000,0x00000007b7dce668,0x00000007c0000000)
  to   space 299008K, 0% used [0x000000079b280000,0x000000079b280000,0x00000007ad680000)
 ParOldGen       total 2181632K, used 766808K [0x0000000616000000, 0x000000069b280000, 0x0000000732000000)
  object space 2181632K, 35% used [0x0000000616000000,0x0000000644cd6058,0x000000069b280000)
 Metaspace       used 155429K, capacity 158051K, committed 158464K, reserved 1179648K
  class space    used 27700K, capacity 28551K, committed 28672K, reserved 1048576K
}
Event: 93.412 GC heap before
{Heap before GC invocations=27 (full 4):
 PSYoungGen      total 2027520K, used 1434843K [0x0000000732000000, 0x00000007c0000000, 0x00000007c0000000)
  eden space 1722880K, 73% used [0x0000000732000000,0x000000077f1e8910,0x000000079b280000)
  from space 304640K, 56% used [0x00000007ad680000,0x00000007b7dce668,0x00000007c0000000)
  to   space 299008K, 0% used [0x000000079b280000,0x000000079b280000,0x00000007ad680000)
 ParOldGen       total 2181632K, used 766808K [0x0000000616000000, 0x000000069b280000, 0x0000000732000000)
  object space 2181632K, 35% used [0x0000000616000000,0x0000000644cd6058,0x000000069b280000)
 Metaspace       used 160814K, capacity 163643K, committed 163916K, reserved 1183744K
  class space    used 28781K, capacity 29705K, committed 29772K, reserved 1048576K
Event: 93.518 GC heap after
Heap after GC invocations=27 (full 4):
 PSYoungGen      total 1896960K, used 173972K [0x0000000732000000, 0x00000007bf080000, 0x00000007c0000000)
  eden space 1722880K, 0% used [0x0000000732000000,0x0000000732000000,0x000000079b280000)
  from space 174080K, 99% used [0x000000079b280000,0x00000007a5c652b0,0x00000007a5c80000)
  to   space 293888K, 0% used [0x00000007ad180000,0x00000007ad180000,0x00000007bf080000)
 ParOldGen       total 2181632K, used 805015K [0x0000000616000000, 0x000000069b280000, 0x0000000732000000)
  object space 2181632K, 36% used [0x0000000616000000,0x0000000647225c40,0x000000069b280000)
 Metaspace       used 160814K, capacity 163643K, committed 163916K, reserved 1183744K
  class space    used 28781K, capacity 29705K, committed 29772K, reserved 1048576K
}
Event: 93.518 GC heap before
{Heap before GC invocations=28 (full 5):
 PSYoungGen      total 1896960K, used 173972K [0x0000000732000000, 0x00000007bf080000, 0x00000007c0000000)
  eden space 1722880K, 0% used [0x0000000732000000,0x0000000732000000,0x000000079b280000)
  from space 174080K, 99% used [0x000000079b280000,0x00000007a5c652b0,0x00000007a5c80000)
  to   space 293888K, 0% used [0x00000007ad180000,0x00000007ad180000,0x00000007bf080000)
 ParOldGen       total 2181632K, used 805015K [0x0000000616000000, 0x000000069b280000, 0x0000000732000000)
  object space 2181632K, 36% used [0x0000000616000000,0x0000000647225c40,0x000000069b280000)
 Metaspace       used 160814K, capacity 163643K, committed 163916K, reserved 1183744K
  class space    used 28781K, capacity 29705K, committed 29772K, reserved 1048576K
Event: 94.804 GC heap after
Heap after GC invocations=28 (full 5):
 PSYoungGen      total 1896960K, used 0K [0x0000000732000000, 0x00000007bf080000, 0x00000007c0000000)
  eden space 1722880K, 0% used [0x0000000732000000,0x0000000732000000,0x000000079b280000)
  from space 174080K, 0% used [0x000000079b280000,0x000000079b280000,0x00000007a5c80000)
  to   space 293888K, 0% used [0x00000007ad180000,0x00000007ad180000,0x00000007bf080000)
 ParOldGen       total 2753536K, used 733104K [0x0000000616000000, 0x00000006be100000, 0x0000000732000000)
  object space 2753536K, 26% used [0x0000000616000000,0x0000000642bec2a0,0x00000006be100000)
 Metaspace       used 160814K, capacity 163643K, committed 163916K, reserved 1183744K
  class space    used 28781K, capacity 29705K, committed 29772K, reserved 1048576K
}
Event: 99.118 GC heap before
{Heap before GC invocations=29 (full 5):
 PSYoungGen      total 1896960K, used 1722880K [0x0000000732000000, 0x00000007bf080000, 0x00000007c0000000)
  eden space 1722880K, 100% used [0x0000000732000000,0x000000079b280000,0x000000079b280000)
  from space 174080K, 0% used [0x000000079b280000,0x000000079b280000,0x00000007a5c80000)
  to   space 293888K, 0% used [0x00000007ad180000,0x00000007ad180000,0x00000007bf080000)
 ParOldGen       total 2753536K, used 733104K [0x0000000616000000, 0x00000006be100000, 0x0000000732000000)
  object space 2753536K, 26% used [0x0000000616000000,0x0000000642bec2a0,0x00000006be100000)
 Metaspace       used 168359K, capacity 171453K, committed 171724K, reserved 1189888K
  class space    used 30150K, capacity 31140K, committed 31180K, reserved 1048576K
Event: 99.167 GC heap after
Heap after GC invocations=29 (full 5):
 PSYoungGen      total 2018816K, used 77489K [0x0000000732000000, 0x00000007c0000000, 0x00000007c0000000)
  eden space 1724928K, 0% used [0x0000000732000000,0x0000000732000000,0x000000079b480000)
  from space 293888K, 26% used [0x00000007ad180000,0x00000007b1d2c528,0x00000007bf080000)
  to   space 291840K, 0% used [0x000000079b480000,0x000000079b480000,0x00000007ad180000)
 ParOldGen       total 2753536K, used 733112K [0x0000000616000000, 0x00000006be100000, 0x0000000732000000)
  object space 2753536K, 26% used [0x0000000616000000,0x0000000642bee2a0,0x00000006be100000)
 Metaspace       used 168359K, capacity 171453K, committed 171724K, reserved 1189888K
  class space    used 30150K, capacity 31140K, committed 31180K, reserved 1048576K
}
Event: 103.280 GC heap before
{Heap before GC invocations=30 (full 5):
 PSYoungGen      total 2018816K, used 1802417K [0x0000000732000000, 0x00000007c0000000, 0x00000007c0000000)
  eden space 1724928K, 100% used [0x0000000732000000,0x000000079b480000,0x000000079b480000)
  from space 293888K, 26% used [0x00000007ad180000,0x00000007b1d2c528,0x00000007bf080000)
  to   space 291840K, 0% used [0x000000079b480000,0x000000079b480000,0x00000007ad180000)
 ParOldGen       total 2753536K, used 733112K [0x0000000616000000, 0x00000006be100000, 0x0000000732000000)
  object space 2753536K, 26% used [0x0000000616000000,0x0000000642bee2a0,0x00000006be100000)
 Metaspace       used 175278K, capacity 178769K, committed 178892K, reserved 1196032K
  class space    used 31592K, capacity 32690K, committed 32716K, reserved 1048576K
Event: 103.339 GC heap after
Heap after GC invocations=30 (full 5):
 PSYoungGen      total 2016768K, used 118442K [0x0000000732000000, 0x00000007be800000, 0x00000007c0000000)
  eden space 1724928K, 0% used [0x0000000732000000,0x0000000732000000,0x000000079b480000)
  from space 291840K, 40% used [0x000000079b480000,0x00000007a282a878,0x00000007ad180000)
  to   space 280576K, 0% used [0x00000007ad600000,0x00000007ad600000,0x00000007be800000)
 ParOldGen       total 2753536K, used 733120K [0x0000000616000000, 0x00000006be100000, 0x0000000732000000)
  object space 2753536K, 26% used [0x0000000616000000,0x0000000642bf02a0,0x00000006be100000)
 Metaspace       used 175278K, capacity 178769K, committed 178892K, reserved 1196032K
  class space    used 31592K, capacity 32690K, committed 32716K, reserved 1048576K
}

